jsbien@JSBbuster:~/work/djvu-djvulibre-4index$ tools/djvused ParkoszJBCdefault.djvu  -v -u -e   'print-txt' > ParkoszJBCdefault.xcs
djvused: type "help" to see available commands.
djvused: ok.
djvused: ok.
jsbien@JSBbuster:~/work/djvu-djvulibre-4index$ ./parkosz2all.bat 
jsbien@JSBbuster:~/work/djvu-djvulibre-4index$ ./ParkoszJBC_ddjvu.bat
ddjvu: Cannot open output file 'imgtmp/snippet_ParkoszJBC_page0001x0594y2136.ppm'.
ddjvu: Cannot open output file 'imgtmp/snippet_ParkoszJBC_page0001x0694y2129.ppm'.
ddjvu: Cannot open output file 'imgtmp/snippet_ParkoszJBC_page0001x0404y1979.ppm'.
ddjvu: Cannot open output file 'imgtmp/snippet_ParkoszJBC_page0001x0586y1979.ppm'.
ddjvu: Cannot open output file 'imgtmp/snippet_ParkoszJBC_page0001x1001y1979.ppm'.
ddjvu: Cannot open output file 'imgtmp/snippet_ParkoszJBC_page0001x1167y1979.ppm'.
ddjvu: Cannot open output file 'imgtmp/snippet_ParkoszJBC_page0001x0412y1959.ppm'.
ddjvu: Cannot open output file 'imgtmp/snippet_ParkoszJBC_page0001x0807y1959.ppm'.
ddjvu: Cannot open output file 'imgtmp/snippet_ParkoszJBC_page0001x0999y1959.ppm'.
ddjvu: Cannot open output file 'imgtmp/snippet_ParkoszJBC_page0001x0397y1853.ppm'.
ddjvu: Cannot open output file 'imgtmp/snippet_ParkoszJBC_page0001x0536y1853.ppm'.
ddjvu: Cannot open output file 'imgtmp/snippet_ParkoszJBC_page0001x0691y1853.ppm'.
ddjvu: Cannot open output file 'imgtmp/snippet_ParkoszJBC_page0001x0893y1853.ppm'.
ddjvu: Cannot open output file 'imgtmp/snippet_ParkoszJBC_page0001x1087y1853.ppm'.
ddjvu: Cannot open output file 'imgtmp/snippet_ParkoszJBC_page0001x1318y1853.ppm'.
ddjvu: Cannot open output file 'imgtmp/snippet_ParkoszJBC_page0001x0409y1817.ppm'.
ddjvu: Cannot open output file 'imgtmp/snippet_ParkoszJBC_page0001x0577y1817.ppm'.
ddjvu: Cannot open output file 'imgtmp/snippet_ParkoszJBC_page0001x0779y1816.ppm'.
ddjvu: Cannot open output file 'imgtmp/snippet_ParkoszJBC_page0001x0889y1817.ppm'.
ddjvu: Cannot open output file 'imgtmp/snippet_ParkoszJBC_page0001x0996y1807.ppm'.
ddjvu: Cannot open output file 'imgtmp/snippet_ParkoszJBC_page0001x1162y1817.ppm'.
ddjvu: Cannot open output file 'imgtmp/snippet_ParkoszJBC_page0001x1315y1807.ppm'.
ddjvu: Cannot open output file 'imgtmp/snippet_ParkoszJBC_page0001x0412y1779.ppm'.
ddjvu: Cannot open output file 'imgtmp/snippet_ParkoszJBC_page0001x0598y1770.ppm'.
ddjvu: Cannot open output file 'imgtmp/snippet_ParkoszJBC_page0001x0738y1779.ppm'.
ddjvu: Cannot open output file 'imgtmp/snippet_ParkoszJBC_page0001x0788y1770.ppm'.
ddjvu: Cannot open output file 'imgtmp/snippet_ParkoszJBC_page0001x0947y1770.ppm'.
ddjvu: Cannot open output file 'imgtmp/snippet_ParkoszJBC_page0001x1064y1779.ppm'.
ddjvu: Cannot open output file 'imgtmp/snippet_ParkoszJBC_page0001x1318y1779.ppm'.
ddjvu: Cannot open output file 'imgtmp/snippet_ParkoszJBC_page0001x1378y1779.ppm'.
ddjvu: Cannot open output file 'imgtmp/snippet_ParkoszJBC_page0001x0256y1751.ppm'.
ddjvu: Cannot open output file 'imgtmp/snippet_ParkoszJBC_page0001x0348y1751.ppm'.
ddjvu: Cannot open output file 'imgtmp/snippet_ParkoszJBC_page0001x0563y1741.ppm'.
ddjvu: Cannot open output file 'imgtmp/snippet_ParkoszJBC_page0001x0636y1751.ppm'.
ddjvu: Cannot open output file 'imgtmp/snippet_ParkoszJBC_page0001x0722y1751.ppm'.
ddjvu: Cannot open output file 'imgtmp/snippet_ParkoszJBC_page0001x0825y1751.ppm'.
ddjvu: Cannot open output file 'imgtmp/snippet_ParkoszJBC_page0001x0938y1751.ppm'.
ddjvu: Cannot open output file 'imgtmp/snippet_ParkoszJBC_page0001x1084y1751.ppm'.
ddjvu: Cannot open output file 'imgtmp/snippet_ParkoszJBC_page0001x1305y1751.ppm'.
ddjvu: Cannot open output file 'imgtmp/snippet_ParkoszJBC_page0001x0256y1708.ppm'.
ddjvu: Cannot open output file 'imgtmp/snippet_ParkoszJBC_page0001x0343y1708.ppm'.
ddjvu: Cannot open output file 'imgtmp/snippet_ParkoszJBC_page0001x0417y1708.ppm'.
ddjvu: Cannot open output file 'imgtmp/snippet_ParkoszJBC_page0001x0580y1699.ppm'.
ddjvu: Cannot open output file 'imgtmp/snippet_ParkoszJBC_page0001x0722y1708.ppm'.
ddjvu: Cannot open output file 'imgtmp/snippet_ParkoszJBC_page0001x0803y1708.ppm'.
ddjvu: Cannot open output file 'imgtmp/snippet_ParkoszJBC_page0001x0852y1708.ppm'.
ddjvu: Cannot open output file 'imgtmp/snippet_ParkoszJBC_page0001x0895y1708.ppm'.
ddjvu: Cannot open output file 'imgtmp/snippet_ParkoszJBC_page0001x1062y1708.ppm'.
ddjvu: Cannot open output file 'imgtmp/snippet_ParkoszJBC_page0001x1136y1708.ppm'.
ddjvu: Cannot open output file 'imgtmp/snippet_ParkoszJBC_page0001x1255y1699.ppm'.
ddjvu: Cannot open output file 'imgtmp/snippet_ParkoszJBC_page0001x1346y1708.ppm'.
ddjvu: Cannot open output file 'imgtmp/snippet_ParkoszJBC_page0001x0244y1660.ppm'.
ddjvu: Cannot open output file 'imgtmp/snippet_ParkoszJBC_page0001x0314y1670.ppm'.
ddjvu: Cannot open output file 'imgtmp/snippet_ParkoszJBC_page0001x0398y1670.ppm'.
ddjvu: Cannot open output file 'imgtmp/snippet_ParkoszJBC_page0001x0470y1670.ppm'.
ddjvu: Cannot open output file 'imgtmp/snippet_ParkoszJBC_page0001x0676y1660.ppm'.
ddjvu: Cannot open output file 'imgtmp/snippet_ParkoszJBC_page0001x0809y1670.ppm'.
ddjvu: Cannot open output file 'imgtmp/snippet_ParkoszJBC_page0001x0905y1670.ppm'.
ddjvu: Cannot open output file 'imgtmp/snippet_ParkoszJBC_page0001x0938y1660.ppm'.
ddjvu: Cannot open output file 'imgtmp/snippet_ParkoszJBC_page0001x1156y1660.ppm'.
ddjvu: Cannot open output file 'imgtmp/snippet_ParkoszJBC_page0001x0238y1636.ppm'.
ddjvu: Cannot open output file 'imgtmp/snippet_ParkoszJBC_page0001x0301y1636.ppm'.
ddjvu: Cannot open output file 'imgtmp/snippet_ParkoszJBC_page0001x0346y1636.ppm'.
ddjvu: Cannot open output file 'imgtmp/snippet_ParkoszJBC_page0001x0479y1636.ppm'.
ddjvu: Cannot open output file 'imgtmp/snippet_ParkoszJBC_page0001x0664y1636.ppm'.
ddjvu: Cannot open output file 'imgtmp/snippet_ParkoszJBC_page0001x0745y1636.ppm'.
ddjvu: Cannot open output file 'imgtmp/snippet_ParkoszJBC_page0001x0824y1636.ppm'.
ddjvu: Cannot open output file 'imgtmp/snippet_ParkoszJBC_page0001x0966y1636.ppm'.
ddjvu: Cannot open output file 'imgtmp/snippet_ParkoszJBC_page0001x1154y1636.ppm'.
ddjvu: Cannot open output file 'imgtmp/snippet_ParkoszJBC_page0001x1255y1636.ppm'.
ddjvu: Cannot open output file 'imgtmp/snippet_ParkoszJBC_page0001x1303y1636.ppm'.
ddjvu: Cannot open output file 'imgtmp/snippet_ParkoszJBC_page0001x0246y1599.ppm'.
ddjvu: Cannot open output file 'imgtmp/snippet_ParkoszJBC_page0001x0394y1599.ppm'.
ddjvu: Cannot open output file 'imgtmp/snippet_ParkoszJBC_page0001x0484y1599.ppm'.
ddjvu: Cannot open output file 'imgtmp/snippet_ParkoszJBC_page0001x0522y1599.ppm'.
ddjvu: Cannot open output file 'imgtmp/snippet_ParkoszJBC_page0001x0669y1599.ppm'.
ddjvu: Cannot open output file 'imgtmp/snippet_ParkoszJBC_page0001x0742y1599.ppm'.
ddjvu: Cannot open output file 'imgtmp/snippet_ParkoszJBC_page0001x0920y1599.ppm'.
ddjvu: Cannot open output file 'imgtmp/snippet_ParkoszJBC_page0001x0998y1590.ppm'.
ddjvu: Cannot open output file 'imgtmp/snippet_ParkoszJBC_page0001x1207y1590.ppm'.
ddjvu: Cannot open output file 'imgtmp/snippet_ParkoszJBC_page0001x1273y1590.ppm'.
ddjvu: Cannot open output file 'imgtmp/snippet_ParkoszJBC_page0001x0243y1563.ppm'.
ddjvu: Cannot open output file 'imgtmp/snippet_ParkoszJBC_page0001x0331y1564.ppm'.
ddjvu: Cannot open output file 'imgtmp/snippet_ParkoszJBC_page0001x0486y1564.ppm'.
ddjvu: Cannot open output file 'imgtmp/snippet_ParkoszJBC_page0001x0536y1564.ppm'.
ddjvu: Cannot open output file 'imgtmp/snippet_ParkoszJBC_page0001x0637y1564.ppm'.
ddjvu: Cannot open output file 'imgtmp/snippet_ParkoszJBC_page0001x0833y1554.ppm'.
ddjvu: Cannot open output file 'imgtmp/snippet_ParkoszJBC_page0001x0965y1564.ppm'.
ddjvu: Cannot open output file 'imgtmp/snippet_ParkoszJBC_page0001x1011y1554.ppm'.
ddjvu: Cannot open output file 'imgtmp/snippet_ParkoszJBC_page0001x1058y1564.ppm'.
ddjvu: Cannot open output file 'imgtmp/snippet_ParkoszJBC_page0001x1147y1564.ppm'.
ddjvu: Cannot open output file 'imgtmp/snippet_ParkoszJBC_page0001x1242y1554.ppm'.
ddjvu: Cannot open output file 'imgtmp/snippet_ParkoszJBC_page0001x0248y1533.ppm'.
ddjvu: Cannot open output file 'imgtmp/snippet_ParkoszJBC_page0001x0477y1533.ppm'.
ddjvu: Cannot open output file 'imgtmp/snippet_ParkoszJBC_page0001x0536y1533.ppm'.
ddjvu: Cannot open output file 'imgtmp/snippet_ParkoszJBC_page0001x0603y1524.ppm'.
ddjvu: Cannot open output file 'imgtmp/snippet_ParkoszJBC_page0001x0741y1533.ppm'.
ddjvu: Cannot open output file 'imgtmp/snippet_ParkoszJBC_page0001x0874y1532.ppm'.
ddjvu: Cannot open output file 'imgtmp/snippet_ParkoszJBC_page0001x1027y1533.ppm'.
ddjvu: Cannot open output file 'imgtmp/snippet_ParkoszJBC_page0001x1080y1533.ppm'.
ddjvu: Cannot open output file 'imgtmp/snippet_ParkoszJBC_page0001x1173y1533.ppm'.
ddjvu: Cannot open output file 'imgtmp/snippet_ParkoszJBC_page0001x1284y1532.ppm'.
ddjvu: Cannot open output file 'imgtmp/snippet_ParkoszJBC_page0001x0232y1502.ppm'.
ddjvu: Cannot open output file 'imgtmp/snippet_ParkoszJBC_page0001x0348y1502.ppm'.
ddjvu: Cannot open output file 'imgtmp/snippet_ParkoszJBC_page0001x0472y1502.ppm'.
ddjvu: Cannot open output file 'imgtmp/snippet_ParkoszJBC_page0001x0604y1494.ppm'.
ddjvu: Cannot open output file 'imgtmp/snippet_ParkoszJBC_page0001x0670y1494.ppm'.
ddjvu: Cannot open output file 'imgtmp/snippet_ParkoszJBC_page0001x0827y1494.ppm'.
ddjvu: Cannot open output file 'imgtmp/snippet_ParkoszJBC_page0001x0980y1502.ppm'.
ddjvu: Cannot open output file 'imgtmp/snippet_ParkoszJBC_page0001x1097y1502.ppm'.
ddjvu: Cannot open output file 'imgtmp/snippet_ParkoszJBC_page0001x1166y1502.ppm'.
ddjvu: Cannot open output file 'imgtmp/snippet_ParkoszJBC_page0001x1230y1501.ppm'.
ddjvu: Cannot open output file 'imgtmp/snippet_ParkoszJBC_page0001x1301y1502.ppm'.
ddjvu: Cannot open output file 'imgtmp/snippet_ParkoszJBC_page0001x0239y1466.ppm'.
ddjvu: Cannot open output file 'imgtmp/snippet_ParkoszJBC_page0001x0344y1458.ppm'.
ddjvu: Cannot open output file 'imgtmp/snippet_ParkoszJBC_page0001x0478y1466.ppm'.
ddjvu: Cannot open output file 'imgtmp/snippet_ParkoszJBC_page0001x0566y1465.ppm'.
ddjvu: Cannot open output file 'imgtmp/snippet_ParkoszJBC_page0001x0711y1466.ppm'.
ddjvu: Cannot open output file 'imgtmp/snippet_ParkoszJBC_page0001x0838y1466.ppm'.
ddjvu: Cannot open output file 'imgtmp/snippet_ParkoszJBC_page0001x0970y1466.ppm'.
ddjvu: Cannot open output file 'imgtmp/snippet_ParkoszJBC_page0001x1067y1466.ppm'.
ddjvu: Cannot open output file 'imgtmp/snippet_ParkoszJBC_page0001x1153y1458.ppm'.
ddjvu: Cannot open output file 'imgtmp/snippet_ParkoszJBC_page0001x1319y1466.ppm'.
ddjvu: Cannot open output file 'imgtmp/snippet_ParkoszJBC_page0001x1368y1466.ppm'.
ddjvu: Cannot open output file 'imgtmp/snippet_ParkoszJBC_page0001x0240y1418.ppm'.
ddjvu: Cannot open output file 'imgtmp/snippet_ParkoszJBC_page0001x0361y1428.ppm'.
ddjvu: Cannot open output file 'imgtmp/snippet_ParkoszJBC_page0001x0519y1427.ppm'.
ddjvu: Cannot open output file 'imgtmp/snippet_ParkoszJBC_page0001x0649y1428.ppm'.
ddjvu: Cannot open output file 'imgtmp/snippet_ParkoszJBC_page0001x0721y1428.ppm'.
ddjvu: Cannot open output file 'imgtmp/snippet_ParkoszJBC_page0001x0780y1428.ppm'.
ddjvu: Cannot open output file 'imgtmp/snippet_ParkoszJBC_page0001x0960y1428.ppm'.
ddjvu: Cannot open output file 'imgtmp/snippet_ParkoszJBC_page0001x1115y1418.ppm'.
ddjvu: Cannot open output file 'imgtmp/snippet_ParkoszJBC_page0001x1275y1418.ppm'.
ddjvu: Cannot open output file 'imgtmp/snippet_ParkoszJBC_page0001x0239y1396.ppm'.
ddjvu: Cannot open output file 'imgtmp/snippet_ParkoszJBC_page0001x0267y1396.ppm'.
ddjvu: Cannot open output file 'imgtmp/snippet_ParkoszJBC_page0001x0427y1396.ppm'.
ddjvu: Cannot open output file 'imgtmp/snippet_ParkoszJBC_page0001x0571y1396.ppm'.
ddjvu: Cannot open output file 'imgtmp/snippet_ParkoszJBC_page0001x0689y1387.ppm'.
ddjvu: Cannot open output file 'imgtmp/snippet_ParkoszJBC_page0001x0779y1396.ppm'.
ddjvu: Cannot open output file 'imgtmp/snippet_ParkoszJBC_page0001x0902y1396.ppm'.
ddjvu: Cannot open output file 'imgtmp/snippet_ParkoszJBC_page0001x1029y1396.ppm'.
ddjvu: Cannot open output file 'imgtmp/snippet_ParkoszJBC_page0001x1070y1396.ppm'.
ddjvu: Cannot open output file 'imgtmp/snippet_ParkoszJBC_page0001x1162y1395.ppm'.
ddjvu: Cannot open output file 'imgtmp/snippet_ParkoszJBC_page0001x1308y1395.ppm'.
ddjvu: Cannot open output file 'imgtmp/snippet_ParkoszJBC_page0001x0234y1358.ppm'.
ddjvu: Cannot open output file 'imgtmp/snippet_ParkoszJBC_page0001x0272y1358.ppm'.
ddjvu: Cannot open output file 'imgtmp/snippet_ParkoszJBC_page0001x0358y1358.ppm'.
ddjvu: Cannot open output file 'imgtmp/snippet_ParkoszJBC_page0001x0496y1352.ppm'.
ddjvu: Cannot open output file 'imgtmp/snippet_ParkoszJBC_page0001x0760y1352.ppm'.
ddjvu: Cannot open output file 'imgtmp/snippet_ParkoszJBC_page0001x0923y1352.ppm'.
ddjvu: Cannot open output file 'imgtmp/snippet_ParkoszJBC_page0001x0987y1358.ppm'.
ddjvu: Cannot open output file 'imgtmp/snippet_ParkoszJBC_page0001x1180y1358.ppm'.
ddjvu: Cannot open output file 'imgtmp/snippet_ParkoszJBC_page0001x1315y1358.ppm'.
ddjvu: Cannot open output file 'imgtmp/snippet_ParkoszJBC_page0001x0233y1325.ppm'.
ddjvu: Cannot open output file 'imgtmp/snippet_ParkoszJBC_page0001x0369y1316.ppm'.
ddjvu: Cannot open output file 'imgtmp/snippet_ParkoszJBC_page0001x0506y1316.ppm'.
ddjvu: Cannot open output file 'imgtmp/snippet_ParkoszJBC_page0001x0612y1316.ppm'.
ddjvu: Cannot open output file 'imgtmp/snippet_ParkoszJBC_page0001x0691y1325.ppm'.
ddjvu: Cannot open output file 'imgtmp/snippet_ParkoszJBC_page0001x0861y1316.ppm'.
ddjvu: Cannot open output file 'imgtmp/snippet_ParkoszJBC_page0001x1022y1325.ppm'.
ddjvu: Cannot open output file 'imgtmp/snippet_ParkoszJBC_page0001x1044y1325.ppm'.
ddjvu: Cannot open output file 'imgtmp/snippet_ParkoszJBC_page0001x1118y1316.ppm'.
ddjvu: Cannot open output file 'imgtmp/snippet_ParkoszJBC_page0001x1312y1316.ppm'.
ddjvu: Cannot open output file 'imgtmp/snippet_ParkoszJBC_page0001x0231y1293.ppm'.
ddjvu: Cannot open output file 'imgtmp/snippet_ParkoszJBC_page0001x0340y1293.ppm'.
ddjvu: Cannot open output file 'imgtmp/snippet_ParkoszJBC_page0001x0387y1293.ppm'.
ddjvu: Cannot open output file 'imgtmp/snippet_ParkoszJBC_page0001x0544y1293.ppm'.
ddjvu: Cannot open output file 'imgtmp/snippet_ParkoszJBC_page0001x0683y1293.ppm'.
ddjvu: Cannot open output file 'imgtmp/snippet_ParkoszJBC_page0001x0938y1293.ppm'.
ddjvu: Cannot open output file 'imgtmp/snippet_ParkoszJBC_page0001x1179y1287.ppm'.
ddjvu: Cannot open output file 'imgtmp/snippet_ParkoszJBC_page0001x1295y1293.ppm'.
ddjvu: Cannot open output file 'imgtmp/snippet_ParkoszJBC_page0001x0242y1253.ppm'.
ddjvu: Cannot open output file 'imgtmp/snippet_ParkoszJBC_page0001x0442y1253.ppm'.
ddjvu: Cannot open output file 'imgtmp/snippet_ParkoszJBC_page0001x0574y1253.ppm'.
ddjvu: Cannot open output file 'imgtmp/snippet_ParkoszJBC_page0001x0700y1247.ppm'.
ddjvu: Cannot open output file 'imgtmp/snippet_ParkoszJBC_page0001x0775y1247.ppm'.
ddjvu: Cannot open output file 'imgtmp/snippet_ParkoszJBC_page0001x0926y1253.ppm'.
ddjvu: Cannot open output file 'imgtmp/snippet_ParkoszJBC_page0001x1129y1247.ppm'.
ddjvu: Cannot open output file 'imgtmp/snippet_ParkoszJBC_page0001x1326y1253.ppm'.
ddjvu: Cannot open output file 'imgtmp/snippet_ParkoszJBC_page0001x0289y1222.ppm'.
ddjvu: Cannot open output file 'imgtmp/snippet_ParkoszJBC_page0001x0343y1213.ppm'.
ddjvu: Cannot open output file 'imgtmp/snippet_ParkoszJBC_page0001x0448y1222.ppm'.
ddjvu: Cannot open output file 'imgtmp/snippet_ParkoszJBC_page0001x0539y1222.ppm'.
ddjvu: Cannot open output file 'imgtmp/snippet_ParkoszJBC_page0001x0579y1222.ppm'.
ddjvu: Cannot open output file 'imgtmp/snippet_ParkoszJBC_page0001x0680y1222.ppm'.
ddjvu: Cannot open output file 'imgtmp/snippet_ParkoszJBC_page0001x0745y1222.ppm'.
ddjvu: Cannot open output file 'imgtmp/snippet_ParkoszJBC_page0001x0812y1213.ppm'.
ddjvu: Cannot open output file 'imgtmp/snippet_ParkoszJBC_page0001x0860y1222.ppm'.
ddjvu: Cannot open output file 'imgtmp/snippet_ParkoszJBC_page0001x1053y1222.ppm'.
ddjvu: Cannot open output file 'imgtmp/snippet_ParkoszJBC_page0001x1154y1213.ppm'.
ddjvu: Cannot open output file 'imgtmp/snippet_ParkoszJBC_page0001x1242y1222.ppm'.
ddjvu: Cannot open output file 'imgtmp/snippet_ParkoszJBC_page0001x1297y1213.ppm'.
ddjvu: Cannot open output file 'imgtmp/snippet_ParkoszJBC_page0001x0232y1185.ppm'.
ddjvu: Cannot open output file 'imgtmp/snippet_ParkoszJBC_page0001x0335y1185.ppm'.
ddjvu: Cannot open output file 'imgtmp/snippet_ParkoszJBC_page0001x0397y1185.ppm'.
ddjvu: Cannot open output file 'imgtmp/snippet_ParkoszJBC_page0001x0438y1185.ppm'.
ddjvu: Cannot open output file 'imgtmp/snippet_ParkoszJBC_page0001x0503y1177.ppm'.
ddjvu: Cannot open output file 'imgtmp/snippet_ParkoszJBC_page0001x0683y1185.ppm'.
ddjvu: Cannot open output file 'imgtmp/snippet_ParkoszJBC_page0001x0731y1185.ppm'.
ddjvu: Cannot open output file 'imgtmp/snippet_ParkoszJBC_page0001x0868y1185.ppm'.
ddjvu: Cannot open output file 'imgtmp/snippet_ParkoszJBC_page0001x0897y1177.ppm'.
ddjvu: Cannot open output file 'imgtmp/snippet_ParkoszJBC_page0001x0968y1177.ppm'.
ddjvu: Cannot open output file 'imgtmp/snippet_ParkoszJBC_page0001x1125y1177.ppm'.
ddjvu: Cannot open output file 'imgtmp/snippet_ParkoszJBC_page0001x1236y1185.ppm'.
ddjvu: Cannot open output file 'imgtmp/snippet_ParkoszJBC_page0001x0232y1142.ppm'.
ddjvu: Cannot open output file 'imgtmp/snippet_ParkoszJBC_page0001x0440y1142.ppm'.
ddjvu: Cannot open output file 'imgtmp/snippet_ParkoszJBC_page0001x0538y1142.ppm'.
ddjvu: Cannot open output file 'imgtmp/snippet_ParkoszJBC_page0001x0775y1135.ppm'.
ddjvu: Cannot open output file 'imgtmp/snippet_ParkoszJBC_page0001x0901y1142.ppm'.
ddjvu: Cannot open output file 'imgtmp/snippet_ParkoszJBC_page0001x1040y1135.ppm'.
ddjvu: Cannot open output file 'imgtmp/snippet_ParkoszJBC_page0001x1114y1142.ppm'.
ddjvu: Cannot open output file 'imgtmp/snippet_ParkoszJBC_page0001x1280y1142.ppm'.
ddjvu: Cannot open output file 'imgtmp/snippet_ParkoszJBC_page0001x0228y1112.ppm'.
ddjvu: Cannot open output file 'imgtmp/snippet_ParkoszJBC_page0001x0399y1104.ppm'.
ddjvu: Cannot open output file 'imgtmp/snippet_ParkoszJBC_page0001x0511y1112.ppm'.
ddjvu: Cannot open output file 'imgtmp/snippet_ParkoszJBC_page0001x0596y1112.ppm'.
ddjvu: Cannot open output file 'imgtmp/snippet_ParkoszJBC_page0001x0852y1112.ppm'.
ddjvu: Cannot open output file 'imgtmp/snippet_ParkoszJBC_page0001x0934y1112.ppm'.
ddjvu: Cannot open output file 'imgtmp/snippet_ParkoszJBC_page0001x1020y1104.ppm'.
ddjvu: Cannot open output file 'imgtmp/snippet_ParkoszJBC_page0001x1127y1112.ppm'.
ddjvu: Cannot open output file 'imgtmp/snippet_ParkoszJBC_page0001x1214y1104.ppm'.
ddjvu: Cannot open output file 'imgtmp/snippet_ParkoszJBC_page0001x0231y1071.ppm'.
ddjvu: Cannot open output file 'imgtmp/snippet_ParkoszJBC_page0001x0426y1072.ppm'.
ddjvu: Cannot open output file 'imgtmp/snippet_ParkoszJBC_page0001x0484y1071.ppm'.
ddjvu: Cannot open output file 'imgtmp/snippet_ParkoszJBC_page0001x0513y1072.ppm'.
ddjvu: Cannot open output file 'imgtmp/snippet_ParkoszJBC_page0001x0585y1063.ppm'.
ddjvu: Cannot open output file 'imgtmp/snippet_ParkoszJBC_page0001x0707y1072.ppm'.
ddjvu: Cannot open output file 'imgtmp/snippet_ParkoszJBC_page0001x0756y1063.ppm'.
ddjvu: Cannot open output file 'imgtmp/snippet_ParkoszJBC_page0001x0848y1072.ppm'.
ddjvu: Cannot open output file 'imgtmp/snippet_ParkoszJBC_page0001x0975y1072.ppm'.
ddjvu: Cannot open output file 'imgtmp/snippet_ParkoszJBC_page0001x1072y1072.ppm'.
ddjvu: Cannot open output file 'imgtmp/snippet_ParkoszJBC_page0001x1251y1072.ppm'.
ddjvu: Cannot open output file 'imgtmp/snippet_ParkoszJBC_page0001x0225y1030.ppm'.
ddjvu: Cannot open output file 'imgtmp/snippet_ParkoszJBC_page0001x0268y1030.ppm'.
ddjvu: Cannot open output file 'imgtmp/snippet_ParkoszJBC_page0001x0425y1021.ppm'.
ddjvu: Cannot open output file 'imgtmp/snippet_ParkoszJBC_page0001x0568y1021.ppm'.
ddjvu: Cannot open output file 'imgtmp/snippet_ParkoszJBC_page0001x0668y1021.ppm'.
ddjvu: Cannot open output file 'imgtmp/snippet_ParkoszJBC_page0001x0800y1030.ppm'.
ddjvu: Cannot open output file 'imgtmp/snippet_ParkoszJBC_page0001x0972y1021.ppm'.
ddjvu: Cannot open output file 'imgtmp/snippet_ParkoszJBC_page0001x1113y1021.ppm'.
ddjvu: Cannot open output file 'imgtmp/snippet_ParkoszJBC_page0001x1248y1030.ppm'.
ddjvu: Cannot open output file 'imgtmp/snippet_ParkoszJBC_page0001x0228y1006.ppm'.
ddjvu: Cannot open output file 'imgtmp/snippet_ParkoszJBC_page0001x0432y1006.ppm'.
ddjvu: Cannot open output file 'imgtmp/snippet_ParkoszJBC_page0001x0478y1006.ppm'.
ddjvu: Cannot open output file 'imgtmp/snippet_ParkoszJBC_page0001x0534y1006.ppm'.
ddjvu: Cannot open output file 'imgtmp/snippet_ParkoszJBC_page0001x0713y1006.ppm'.
ddjvu: Cannot open output file 'imgtmp/snippet_ParkoszJBC_page0001x0869y1006.ppm'.
ddjvu: Cannot open output file 'imgtmp/snippet_ParkoszJBC_page0001x1042y0999.ppm'.
ddjvu: Cannot open output file 'imgtmp/snippet_ParkoszJBC_page0001x1214y1006.ppm'.
ddjvu: Cannot open output file 'imgtmp/snippet_ParkoszJBC_page0001x1288y1006.ppm'.
ddjvu: Cannot open output file 'imgtmp/snippet_ParkoszJBC_page0001x0231y0965.ppm'.
ddjvu: Cannot open output file 'imgtmp/snippet_ParkoszJBC_page0001x0332y0965.ppm'.
ddjvu: Cannot open output file 'imgtmp/snippet_ParkoszJBC_page0001x0455y0965.ppm'.
ddjvu: Cannot open output file 'imgtmp/snippet_ParkoszJBC_page0001x0577y0958.ppm'.
ddjvu: Cannot open output file 'imgtmp/snippet_ParkoszJBC_page0001x0635y0965.ppm'.
ddjvu: Cannot open output file 'imgtmp/snippet_ParkoszJBC_page0001x0797y0965.ppm'.
ddjvu: Cannot open output file 'imgtmp/snippet_ParkoszJBC_page0001x0928y0965.ppm'.
ddjvu: Cannot open output file 'imgtmp/snippet_ParkoszJBC_page0001x0972y0965.ppm'.
ddjvu: Cannot open output file 'imgtmp/snippet_ParkoszJBC_page0001x1095y0958.ppm'.
ddjvu: Cannot open output file 'imgtmp/snippet_ParkoszJBC_page0001x1332y0965.ppm'.
ddjvu: Cannot open output file 'imgtmp/snippet_ParkoszJBC_page0001x0229y0930.ppm'.
ddjvu: Cannot open output file 'imgtmp/snippet_ParkoszJBC_page0001x0399y0930.ppm'.
ddjvu: Cannot open output file 'imgtmp/snippet_ParkoszJBC_page0001x0482y0930.ppm'.
ddjvu: Cannot open output file 'imgtmp/snippet_ParkoszJBC_page0001x0629y0922.ppm'.
ddjvu: Cannot open output file 'imgtmp/snippet_ParkoszJBC_page0001x0866y0930.ppm'.
ddjvu: Cannot open output file 'imgtmp/snippet_ParkoszJBC_page0001x0909y0930.ppm'.
ddjvu: Cannot open output file 'imgtmp/snippet_ParkoszJBC_page0001x0997y0930.ppm'.
ddjvu: Cannot open output file 'imgtmp/snippet_ParkoszJBC_page0001x1070y0930.ppm'.
ddjvu: Cannot open output file 'imgtmp/snippet_ParkoszJBC_page0001x1137y0930.ppm'.
ddjvu: Cannot open output file 'imgtmp/snippet_ParkoszJBC_page0001x1258y0930.ppm'.
ddjvu: Cannot open output file 'imgtmp/snippet_ParkoszJBC_page0001x0219y0887.ppm'.
ddjvu: Cannot open output file 'imgtmp/snippet_ParkoszJBC_page0001x0412y0894.ppm'.
ddjvu: Cannot open output file 'imgtmp/snippet_ParkoszJBC_page0001x0539y0887.ppm'.
ddjvu: Cannot open output file 'imgtmp/snippet_ParkoszJBC_page0001x0684y0894.ppm'.
ddjvu: Cannot open output file 'imgtmp/snippet_ParkoszJBC_page0001x0752y0887.ppm'.
ddjvu: Cannot open output file 'imgtmp/snippet_ParkoszJBC_page0001x0854y0894.ppm'.
ddjvu: Cannot open output file 'imgtmp/snippet_ParkoszJBC_page0001x0955y0894.ppm'.
ddjvu: Cannot open output file 'imgtmp/snippet_ParkoszJBC_page0001x1058y0894.ppm'.
ddjvu: Cannot open output file 'imgtmp/snippet_ParkoszJBC_page0001x1179y0894.ppm'.
ddjvu: Cannot open output file 'imgtmp/snippet_ParkoszJBC_page0001x1270y0887.ppm'.
ddjvu: Cannot open output file 'imgtmp/snippet_ParkoszJBC_page0001x0223y0861.ppm'.
ddjvu: Cannot open output file 'imgtmp/snippet_ParkoszJBC_page0001x0320y0855.ppm'.
ddjvu: Cannot open output file 'imgtmp/snippet_ParkoszJBC_page0001x0382y0861.ppm'.
ddjvu: Cannot open output file 'imgtmp/snippet_ParkoszJBC_page0001x0505y0861.ppm'.
ddjvu: Cannot open output file 'imgtmp/snippet_ParkoszJBC_page0001x0569y0861.ppm'.
ddjvu: Cannot open output file 'imgtmp/snippet_ParkoszJBC_page0001x0666y0855.ppm'.
ddjvu: Cannot open output file 'imgtmp/snippet_ParkoszJBC_page0001x0753y0861.ppm'.
ddjvu: Cannot open output file 'imgtmp/snippet_ParkoszJBC_page0001x0854y0861.ppm'.
ddjvu: Cannot open output file 'imgtmp/snippet_ParkoszJBC_page0001x0939y0861.ppm'.
ddjvu: Cannot open output file 'imgtmp/snippet_ParkoszJBC_page0001x1111y0855.ppm'.
ddjvu: Cannot open output file 'imgtmp/snippet_ParkoszJBC_page0001x1219y0861.ppm'.
ddjvu: Cannot open output file 'imgtmp/snippet_ParkoszJBC_page0001x1259y0855.ppm'.
ddjvu: Cannot open output file 'imgtmp/snippet_ParkoszJBC_page0001x0219y0821.ppm'.
ddjvu: Cannot open output file 'imgtmp/snippet_ParkoszJBC_page0001x0323y0821.ppm'.
ddjvu: Cannot open output file 'imgtmp/snippet_ParkoszJBC_page0001x0358y0821.ppm'.
ddjvu: Cannot open output file 'imgtmp/snippet_ParkoszJBC_page0001x0458y0821.ppm'.
ddjvu: Cannot open output file 'imgtmp/snippet_ParkoszJBC_page0001x0605y0821.ppm'.
ddjvu: Cannot open output file 'imgtmp/snippet_ParkoszJBC_page0001x0755y0821.ppm'.
ddjvu: Cannot open output file 'imgtmp/snippet_ParkoszJBC_page0001x0807y0814.ppm'.
ddjvu: Cannot open output file 'imgtmp/snippet_ParkoszJBC_page0001x0944y0821.ppm'.
ddjvu: Cannot open output file 'imgtmp/snippet_ParkoszJBC_page0001x1094y0821.ppm'.
ddjvu: Cannot open output file 'imgtmp/snippet_ParkoszJBC_page0001x1203y0821.ppm'.
ddjvu: Cannot open output file 'imgtmp/snippet_ParkoszJBC_page0001x1263y0821.ppm'.
ddjvu: Cannot open output file 'imgtmp/snippet_ParkoszJBC_page0001x0222y0787.ppm'.
ddjvu: Cannot open output file 'imgtmp/snippet_ParkoszJBC_page0001x0306y0787.ppm'.
ddjvu: Cannot open output file 'imgtmp/snippet_ParkoszJBC_page0001x0613y0787.ppm'.
ddjvu: Cannot open output file 'imgtmp/snippet_ParkoszJBC_page0001x0648y0787.ppm'.
ddjvu: Cannot open output file 'imgtmp/snippet_ParkoszJBC_page0001x0685y0787.ppm'.
ddjvu: Cannot open output file 'imgtmp/snippet_ParkoszJBC_page0001x0744y0787.ppm'.
ddjvu: Cannot open output file 'imgtmp/snippet_ParkoszJBC_page0001x0781y0787.ppm'.
ddjvu: Cannot open output file 'imgtmp/snippet_ParkoszJBC_page0001x0916y0787.ppm'.
ddjvu: Cannot open output file 'imgtmp/snippet_ParkoszJBC_page0001x1062y0780.ppm'.
ddjvu: Cannot open output file 'imgtmp/snippet_ParkoszJBC_page0001x1191y0787.ppm'.
ddjvu: Cannot open output file 'imgtmp/snippet_ParkoszJBC_page0001x0223y0745.ppm'.
ddjvu: Cannot open output file 'imgtmp/snippet_ParkoszJBC_page0001x0270y0738.ppm'.
ddjvu: Cannot open output file 'imgtmp/snippet_ParkoszJBC_page0001x0335y0745.ppm'.
ddjvu: Cannot open output file 'imgtmp/snippet_ParkoszJBC_page0001x0423y0745.ppm'.
ddjvu: Cannot open output file 'imgtmp/snippet_ParkoszJBC_page0001x0490y0738.ppm'.
ddjvu: Cannot open output file 'imgtmp/snippet_ParkoszJBC_page0001x0691y0745.ppm'.
ddjvu: Cannot open output file 'imgtmp/snippet_ParkoszJBC_page0001x0771y0745.ppm'.
ddjvu: Cannot open output file 'imgtmp/snippet_ParkoszJBC_page0001x0931y0738.ppm'.
ddjvu: Cannot open output file 'imgtmp/snippet_ParkoszJBC_page0001x1062y0745.ppm'.
ddjvu: Cannot open output file 'imgtmp/snippet_ParkoszJBC_page0001x1100y0745.ppm'.
ddjvu: Cannot open output file 'imgtmp/snippet_ParkoszJBC_page0001x1194y0745.ppm'.
ddjvu: Cannot open output file 'imgtmp/snippet_ParkoszJBC_page0001x0226y0707.ppm'.
ddjvu: Cannot open output file 'imgtmp/snippet_ParkoszJBC_page0001x0271y0707.ppm'.
ddjvu: Cannot open output file 'imgtmp/snippet_ParkoszJBC_page0001x0477y0707.ppm'.
ddjvu: Cannot open output file 'imgtmp/snippet_ParkoszJBC_page0001x0574y0700.ppm'.
ddjvu: Cannot open output file 'imgtmp/snippet_ParkoszJBC_page0001x0772y0707.ppm'.
ddjvu: Cannot open output file 'imgtmp/snippet_ParkoszJBC_page0001x1028y0707.ppm'.
ddjvu: Cannot open output file 'imgtmp/snippet_ParkoszJBC_page0001x1067y0700.ppm'.
ddjvu: Cannot open output file 'imgtmp/snippet_ParkoszJBC_page0001x1135y0700.ppm'.
ddjvu: Cannot open output file 'imgtmp/snippet_ParkoszJBC_page0001x1199y0700.ppm'.
ddjvu: Cannot open output file 'imgtmp/snippet_ParkoszJBC_page0001x1289y0700.ppm'.
ddjvu: Cannot open output file 'imgtmp/snippet_ParkoszJBC_page0001x0232y0675.ppm'.
ddjvu: Cannot open output file 'imgtmp/snippet_ParkoszJBC_page0001x0275y0668.ppm'.
ddjvu: Cannot open output file 'imgtmp/snippet_ParkoszJBC_page0001x0338y0675.ppm'.
ddjvu: Cannot open output file 'imgtmp/snippet_ParkoszJBC_page0001x0431y0668.ppm'.
ddjvu: Cannot open output file 'imgtmp/snippet_ParkoszJBC_page0001x0509y0668.ppm'.
ddjvu: Cannot open output file 'imgtmp/snippet_ParkoszJBC_page0001x0586y0675.ppm'.
ddjvu: Cannot open output file 'imgtmp/snippet_ParkoszJBC_page0001x0689y0668.ppm'.
ddjvu: Cannot open output file 'imgtmp/snippet_ParkoszJBC_page0001x0760y0668.ppm'.
ddjvu: Cannot open output file 'imgtmp/snippet_ParkoszJBC_page0001x0829y0675.ppm'.
ddjvu: Cannot open output file 'imgtmp/snippet_ParkoszJBC_page0001x0877y0668.ppm'.
ddjvu: Cannot open output file 'imgtmp/snippet_ParkoszJBC_page0001x0940y0675.ppm'.
ddjvu: Cannot open output file 'imgtmp/snippet_ParkoszJBC_page0001x1001y0675.ppm'.
ddjvu: Cannot open output file 'imgtmp/snippet_ParkoszJBC_page0001x1043y0675.ppm'.
ddjvu: Cannot open output file 'imgtmp/snippet_ParkoszJBC_page0001x1129y0675.ppm'.
ddjvu: Cannot open output file 'imgtmp/snippet_ParkoszJBC_page0001x1244y0668.ppm'.
ddjvu: Cannot open output file 'imgtmp/snippet_ParkoszJBC_page0001x1315y0675.ppm'.
ddjvu: Cannot open output file 'imgtmp/snippet_ParkoszJBC_page0001x0217y0633.ppm'.
ddjvu: Cannot open output file 'imgtmp/snippet_ParkoszJBC_page0001x0346y0627.ppm'.
ddjvu: Cannot open output file 'imgtmp/snippet_ParkoszJBC_page0001x0540y0633.ppm'.
ddjvu: Cannot open output file 'imgtmp/snippet_ParkoszJBC_page0001x0633y0633.ppm'.
ddjvu: Cannot open output file 'imgtmp/snippet_ParkoszJBC_page0001x0683y0633.ppm'.
ddjvu: Cannot open output file 'imgtmp/snippet_ParkoszJBC_page0001x0793y0633.ppm'.
ddjvu: Cannot open output file 'imgtmp/snippet_ParkoszJBC_page0001x0839y0633.ppm'.
ddjvu: Cannot open output file 'imgtmp/snippet_ParkoszJBC_page0001x0920y0633.ppm'.
ddjvu: Cannot open output file 'imgtmp/snippet_ParkoszJBC_page0001x1033y0627.ppm'.
ddjvu: Cannot open output file 'imgtmp/snippet_ParkoszJBC_page0001x1086y0627.ppm'.
ddjvu: Cannot open output file 'imgtmp/snippet_ParkoszJBC_page0001x1186y0633.ppm'.
ddjvu: Cannot open output file 'imgtmp/snippet_ParkoszJBC_page0001x1247y0627.ppm'.
ddjvu: Cannot open output file 'imgtmp/snippet_ParkoszJBC_page0001x0223y0583.ppm'.
ddjvu: Cannot open output file 'imgtmp/snippet_ParkoszJBC_page0001x0427y0591.ppm'.
ddjvu: Cannot open output file 'imgtmp/snippet_ParkoszJBC_page0001x0461y0583.ppm'.
ddjvu: Cannot open output file 'imgtmp/snippet_ParkoszJBC_page0001x0513y0591.ppm'.
ddjvu: Cannot open output file 'imgtmp/snippet_ParkoszJBC_page0001x0620y0591.ppm'.
ddjvu: Cannot open output file 'imgtmp/snippet_ParkoszJBC_page0001x0680y0583.ppm'.
ddjvu: Cannot open output file 'imgtmp/snippet_ParkoszJBC_page0001x0770y0591.ppm'.
ddjvu: Cannot open output file 'imgtmp/snippet_ParkoszJBC_page0001x0877y0583.ppm'.
ddjvu: Cannot open output file 'imgtmp/snippet_ParkoszJBC_page0001x1079y0591.ppm'.
ddjvu: Cannot open output file 'imgtmp/snippet_ParkoszJBC_page0001x1156y0591.ppm'.
ddjvu: Cannot open output file 'imgtmp/snippet_ParkoszJBC_page0001x1204y0591.ppm'.
ddjvu: Cannot open output file 'imgtmp/snippet_ParkoszJBC_page0001x1304y0591.ppm'.
ddjvu: Cannot open output file 'imgtmp/snippet_ParkoszJBC_page0001x0223y0549.ppm'.
ddjvu: Cannot open output file 'imgtmp/snippet_ParkoszJBC_page0001x0276y0549.ppm'.
ddjvu: Cannot open output file 'imgtmp/snippet_ParkoszJBC_page0001x0337y0549.ppm'.
ddjvu: Cannot open output file 'imgtmp/snippet_ParkoszJBC_page0001x0397y0549.ppm'.
ddjvu: Cannot open output file 'imgtmp/snippet_ParkoszJBC_page0001x0534y0540.ppm'.
ddjvu: Cannot open output file 'imgtmp/snippet_ParkoszJBC_page0001x0601y0549.ppm'.
ddjvu: Cannot open output file 'imgtmp/snippet_ParkoszJBC_page0001x0831y0548.ppm'.
ddjvu: Cannot open output file 'imgtmp/snippet_ParkoszJBC_page0001x0908y0540.ppm'.
ddjvu: Cannot open output file 'imgtmp/snippet_ParkoszJBC_page0001x0976y0549.ppm'.
ddjvu: Cannot open output file 'imgtmp/snippet_ParkoszJBC_page0001x1066y0549.ppm'.
ddjvu: Cannot open output file 'imgtmp/snippet_ParkoszJBC_page0001x1178y0540.ppm'.
ddjvu: Cannot open output file 'imgtmp/snippet_ParkoszJBC_page0001x0218y0515.ppm'.
ddjvu: Cannot open output file 'imgtmp/snippet_ParkoszJBC_page0001x0376y0515.ppm'.
ddjvu: Cannot open output file 'imgtmp/snippet_ParkoszJBC_page0001x0480y0515.ppm'.
ddjvu: Cannot open output file 'imgtmp/snippet_ParkoszJBC_page0001x0756y0515.ppm'.
ddjvu: Cannot open output file 'imgtmp/snippet_ParkoszJBC_page0001x0805y0515.ppm'.
ddjvu: Cannot open output file 'imgtmp/snippet_ParkoszJBC_page0001x0893y0515.ppm'.
ddjvu: Cannot open output file 'imgtmp/snippet_ParkoszJBC_page0001x0984y0515.ppm'.
ddjvu: Cannot open output file 'imgtmp/snippet_ParkoszJBC_page0001x1015y0515.ppm'.
ddjvu: Cannot open output file 'imgtmp/snippet_ParkoszJBC_page0001x1168y0508.ppm'.
ddjvu: Cannot open output file 'imgtmp/snippet_ParkoszJBC_page0001x0216y0466.ppm'.
ddjvu: Cannot open output file 'imgtmp/snippet_ParkoszJBC_page0001x0437y0474.ppm'.
ddjvu: Cannot open output file 'imgtmp/snippet_ParkoszJBC_page0001x0480y0474.ppm'.
ddjvu: Cannot open output file 'imgtmp/snippet_ParkoszJBC_page0001x0682y0466.ppm'.
ddjvu: Cannot open output file 'imgtmp/snippet_ParkoszJBC_page0001x0858y0466.ppm'.
ddjvu: Cannot open output file 'imgtmp/snippet_ParkoszJBC_page0001x1029y0474.ppm'.
ddjvu: Cannot open output file 'imgtmp/snippet_ParkoszJBC_page0001x1079y0473.ppm'.
ddjvu: Cannot open output file 'imgtmp/snippet_ParkoszJBC_page0001x1240y0466.ppm'.
ddjvu: Cannot open output file 'imgtmp/snippet_ParkoszJBC_page0001x0218y0446.ppm'.
ddjvu: Cannot open output file 'imgtmp/snippet_ParkoszJBC_page0001x0370y0446.ppm'.
ddjvu: Cannot open output file 'imgtmp/snippet_ParkoszJBC_page0001x0443y0446.ppm'.
ddjvu: Cannot open output file 'imgtmp/snippet_ParkoszJBC_page0001x0569y0446.ppm'.
ddjvu: Cannot open output file 'imgtmp/snippet_ParkoszJBC_page0001x0850y0446.ppm'.
ddjvu: Cannot open output file 'imgtmp/snippet_ParkoszJBC_page0001x0900y0446.ppm'.
ddjvu: Cannot open output file 'imgtmp/snippet_ParkoszJBC_page0001x1008y0440.ppm'.
ddjvu: Cannot open output file 'imgtmp/snippet_ParkoszJBC_page0001x1158y0446.ppm'.
ddjvu: Cannot open output file 'imgtmp/snippet_ParkoszJBC_page0001x0207y0396.ppm'.
ddjvu: Cannot open output file 'imgtmp/snippet_ParkoszJBC_page0001x0291y0396.ppm'.
ddjvu: Cannot open output file 'imgtmp/snippet_ParkoszJBC_page0001x0398y0387.ppm'.
ddjvu: Cannot open output file 'imgtmp/snippet_ParkoszJBC_page0001x0520y0396.ppm'.
ddjvu: Cannot open output file 'imgtmp/snippet_ParkoszJBC_page0001x0655y0396.ppm'.
ddjvu: Cannot open output file 'imgtmp/snippet_ParkoszJBC_page0001x0718y0396.ppm'.
ddjvu: Cannot open output file 'imgtmp/snippet_ParkoszJBC_page0001x0754y0396.ppm'.
ddjvu: Cannot open output file 'imgtmp/snippet_ParkoszJBC_page0001x0821y0387.ppm'.
ddjvu: Cannot open output file 'imgtmp/snippet_ParkoszJBC_page0001x0965y0387.ppm'.
ddjvu: Cannot open output file 'imgtmp/snippet_ParkoszJBC_page0001x1181y0396.ppm'.
ddjvu: Cannot open output file 'imgtmp/snippet_ParkoszJBC_page0001x1285y0396.ppm'.
ddjvu: Cannot open output file 'imgtmp/snippet_ParkoszJBC_page0001x0210y0372.ppm'.
ddjvu: Cannot open output file 'imgtmp/snippet_ParkoszJBC_page0001x0272y0364.ppm'.
ddjvu: Cannot open output file 'imgtmp/snippet_ParkoszJBC_page0001x0399y0372.ppm'.
ddjvu: Cannot open output file 'imgtmp/snippet_ParkoszJBC_page0001x0455y0372.ppm'.
ddjvu: Cannot open output file 'imgtmp/snippet_ParkoszJBC_page0001x0580y0372.ppm'.
ddjvu: Cannot open output file 'imgtmp/snippet_ParkoszJBC_page0001x0642y0372.ppm'.
ddjvu: Cannot open output file 'imgtmp/snippet_ParkoszJBC_page0001x0746y0372.ppm'.
ddjvu: Cannot open output file 'imgtmp/snippet_ParkoszJBC_page0001x0833y0372.ppm'.
ddjvu: Cannot open output file 'imgtmp/snippet_ParkoszJBC_page0001x0856y0372.ppm'.
ddjvu: Cannot open output file 'imgtmp/snippet_ParkoszJBC_page0001x1031y0372.ppm'.
ddjvu: Cannot open output file 'imgtmp/snippet_ParkoszJBC_page0001x1095y0372.ppm'.
ddjvu: Cannot open output file 'imgtmp/snippet_ParkoszJBC_page0001x1139y0372.ppm'.
ddjvu: Cannot open output file 'imgtmp/snippet_ParkoszJBC_page0001x0209y0329.ppm'.
ddjvu: Cannot open output file 'imgtmp/snippet_ParkoszJBC_page0001x0385y0321.ppm'.
ddjvu: Cannot open output file 'imgtmp/snippet_ParkoszJBC_page0001x0566y0329.ppm'.
ddjvu: Cannot open output file 'imgtmp/snippet_ParkoszJBC_page0001x0608y0329.ppm'.
ddjvu: Cannot open output file 'imgtmp/snippet_ParkoszJBC_page0001x0704y0322.ppm'.
ddjvu: Cannot open output file 'imgtmp/snippet_ParkoszJBC_page0001x0905y0322.ppm'.
ddjvu: Cannot open output file 'imgtmp/snippet_ParkoszJBC_page0001x1010y0329.ppm'.
ddjvu: Cannot open output file 'imgtmp/snippet_ParkoszJBC_page0001x1086y0329.ppm'.
ddjvu: Cannot open output file 'imgtmp/snippet_ParkoszJBC_page0001x1168y0329.ppm'.
ddjvu: Cannot open output file 'imgtmp/snippet_ParkoszJBC_page0001x1267y0329.ppm'.
ddjvu: Cannot open output file 'imgtmp/snippet_ParkoszJBC_page0001x0209y0291.ppm'.
ddjvu: Cannot open output file 'imgtmp/snippet_ParkoszJBC_page0001x0259y0290.ppm'.
ddjvu: Cannot open output file 'imgtmp/snippet_ParkoszJBC_page0001x0385y0291.ppm'.
ddjvu: Cannot open output file 'imgtmp/snippet_ParkoszJBC_page0001x0428y0291.ppm'.
ddjvu: Cannot open output file 'imgtmp/snippet_ParkoszJBC_page0001x0524y0290.ppm'.
ddjvu: Cannot open output file 'imgtmp/snippet_ParkoszJBC_page0001x0690y0291.ppm'.
ddjvu: Cannot open output file 'imgtmp/snippet_ParkoszJBC_page0001x0766y0291.ppm'.
ddjvu: Cannot open output file 'imgtmp/snippet_ParkoszJBC_page0001x0867y0282.ppm'.
ddjvu: Cannot open output file 'imgtmp/snippet_ParkoszJBC_page0001x0948y0291.ppm'.
ddjvu: Cannot open output file 'imgtmp/snippet_ParkoszJBC_page0001x1066y0291.ppm'.
ddjvu: Cannot open output file 'imgtmp/snippet_ParkoszJBC_page0001x1153y0291.ppm'.
ddjvu: Cannot open output file 'imgtmp/snippet_ParkoszJBC_page0001x1197y0290.ppm'.
ddjvu: Cannot open output file 'imgtmp/snippet_ParkoszJBC_page0001x0199y0255.ppm'.
ddjvu: Cannot open output file 'imgtmp/snippet_ParkoszJBC_page0001x0356y0256.ppm'.
ddjvu: Cannot open output file 'imgtmp/snippet_ParkoszJBC_page0001x0483y0255.ppm'.
ddjvu: Cannot open output file 'imgtmp/snippet_ParkoszJBC_page0001x0644y0256.ppm'.
ddjvu: Cannot open output file 'imgtmp/snippet_ParkoszJBC_page0001x0783y0245.ppm'.
ddjvu: Cannot open output file 'imgtmp/snippet_ParkoszJBC_page0001x0967y0256.ppm'.
ddjvu: Cannot open output file 'imgtmp/snippet_ParkoszJBC_page0001x1021y0256.ppm'.
ddjvu: Cannot open output file 'imgtmp/snippet_ParkoszJBC_page0001x1099y0245.ppm'.
ddjvu: Cannot open output file 'imgtmp/snippet_ParkoszJBC_page0001x1179y0256.ppm'.
ddjvu: Cannot open output file 'imgtmp/snippet_ParkoszJBC_page0001x1465y2116.ppm'.
ddjvu: Cannot open output file 'imgtmp/snippet_ParkoszJBC_page0001x1461y1505.ppm'.
ddjvu: Cannot open output file 'imgtmp/snippet_ParkoszJBC_page0002x0404y2022.ppm'.
ddjvu: Cannot open output file 'imgtmp/snippet_ParkoszJBC_page0002x0497y2032.ppm'.
ddjvu: Cannot open output file 'imgtmp/snippet_ParkoszJBC_page0002x0671y2032.ppm'.
ddjvu: Cannot open output file 'imgtmp/snippet_ParkoszJBC_page0002x0722y2022.ppm'.
ddjvu: Cannot open output file 'imgtmp/snippet_ParkoszJBC_page0002x0852y2022.ppm'.
ddjvu: Cannot open output file 'imgtmp/snippet_ParkoszJBC_page0002x1112y2032.ppm'.
ddjvu: Cannot open output file 'imgtmp/snippet_ParkoszJBC_page0002x1206y2022.ppm'.
ddjvu: Cannot open output file 'imgtmp/snippet_ParkoszJBC_page0002x1459y2032.ppm'.
ddjvu: Cannot open output file 'imgtmp/snippet_ParkoszJBC_page0002x1497y2032.ppm'.
ddjvu: Cannot open output file 'imgtmp/snippet_ParkoszJBC_page0002x0411y1988.ppm'.
ddjvu: Cannot open output file 'imgtmp/snippet_ParkoszJBC_page0002x0598y1988.ppm'.
ddjvu: Cannot open output file 'imgtmp/snippet_ParkoszJBC_page0002x0742y1988.ppm'.
ddjvu: Cannot open output file 'imgtmp/snippet_ParkoszJBC_page0002x0840y1988.ppm'.
ddjvu: Cannot open output file 'imgtmp/snippet_ParkoszJBC_page0002x0970y1988.ppm'.
ddjvu: Cannot open output file 'imgtmp/snippet_ParkoszJBC_page0002x1160y1978.ppm'.
ddjvu: Cannot open output file 'imgtmp/snippet_ParkoszJBC_page0002x1292y1978.ppm'.
ddjvu: Cannot open output file 'imgtmp/snippet_ParkoszJBC_page0002x1415y1988.ppm'.
ddjvu: Cannot open output file 'imgtmp/snippet_ParkoszJBC_page0002x1480y1988.ppm'.
ddjvu: Cannot open output file 'imgtmp/snippet_ParkoszJBC_page0002x0412y1934.ppm'.
ddjvu: Cannot open output file 'imgtmp/snippet_ParkoszJBC_page0002x0552y1943.ppm'.
ddjvu: Cannot open output file 'imgtmp/snippet_ParkoszJBC_page0002x0743y1934.ppm'.
ddjvu: Cannot open output file 'imgtmp/snippet_ParkoszJBC_page0002x0877y1943.ppm'.
ddjvu: Cannot open output file 'imgtmp/snippet_ParkoszJBC_page0002x1042y1943.ppm'.
ddjvu: Cannot open output file 'imgtmp/snippet_ParkoszJBC_page0002x1094y1934.ppm'.
ddjvu: Cannot open output file 'imgtmp/snippet_ParkoszJBC_page0002x1252y1943.ppm'.
ddjvu: Cannot open output file 'imgtmp/snippet_ParkoszJBC_page0002x1329y1943.ppm'.
ddjvu: Cannot open output file 'imgtmp/snippet_ParkoszJBC_page0002x1414y1943.ppm'.
ddjvu: Cannot open output file 'imgtmp/snippet_ParkoszJBC_page0002x1482y1943.ppm'.
ddjvu: Cannot open output file 'imgtmp/snippet_ParkoszJBC_page0002x0408y1906.ppm'.
ddjvu: Cannot open output file 'imgtmp/snippet_ParkoszJBC_page0002x0625y1896.ppm'.
ddjvu: Cannot open output file 'imgtmp/snippet_ParkoszJBC_page0002x0697y1906.ppm'.
ddjvu: Cannot open output file 'imgtmp/snippet_ParkoszJBC_page0002x0789y1906.ppm'.
ddjvu: Cannot open output file 'imgtmp/snippet_ParkoszJBC_page0002x0933y1906.ppm'.
ddjvu: Cannot open output file 'imgtmp/snippet_ParkoszJBC_page0002x0978y1906.ppm'.
ddjvu: Cannot open output file 'imgtmp/snippet_ParkoszJBC_page0002x1065y1896.ppm'.
ddjvu: Cannot open output file 'imgtmp/snippet_ParkoszJBC_page0002x1248y1896.ppm'.
ddjvu: Cannot open output file 'imgtmp/snippet_ParkoszJBC_page0002x1374y1906.ppm'.
ddjvu: Cannot open output file 'imgtmp/snippet_ParkoszJBC_page0002x1496y1906.ppm'.
ddjvu: Cannot open output file 'imgtmp/snippet_ParkoszJBC_page0002x0407y1878.ppm'.
ddjvu: Cannot open output file 'imgtmp/snippet_ParkoszJBC_page0002x0451y1868.ppm'.
ddjvu: Cannot open output file 'imgtmp/snippet_ParkoszJBC_page0002x0582y1878.ppm'.
ddjvu: Cannot open output file 'imgtmp/snippet_ParkoszJBC_page0002x0636y1868.ppm'.
ddjvu: Cannot open output file 'imgtmp/snippet_ParkoszJBC_page0002x0826y1878.ppm'.
ddjvu: Cannot open output file 'imgtmp/snippet_ParkoszJBC_page0002x0862y1868.ppm'.
ddjvu: Cannot open output file 'imgtmp/snippet_ParkoszJBC_page0002x0997y1868.ppm'.
ddjvu: Cannot open output file 'imgtmp/snippet_ParkoszJBC_page0002x1175y1878.ppm'.
ddjvu: Cannot open output file 'imgtmp/snippet_ParkoszJBC_page0002x1220y1878.ppm'.
ddjvu: Cannot open output file 'imgtmp/snippet_ParkoszJBC_page0002x1334y1878.ppm'.
ddjvu: Cannot open output file 'imgtmp/snippet_ParkoszJBC_page0002x1487y1868.ppm'.
ddjvu: Cannot open output file 'imgtmp/snippet_ParkoszJBC_page0002x0410y1840.ppm'.
ddjvu: Cannot open output file 'imgtmp/snippet_ParkoszJBC_page0002x0561y1840.ppm'.
ddjvu: Cannot open output file 'imgtmp/snippet_ParkoszJBC_page0002x0611y1840.ppm'.
ddjvu: Cannot open output file 'imgtmp/snippet_ParkoszJBC_page0002x0686y1840.ppm'.
ddjvu: Cannot open output file 'imgtmp/snippet_ParkoszJBC_page0002x0788y1840.ppm'.
ddjvu: Cannot open output file 'imgtmp/snippet_ParkoszJBC_page0002x0816y1840.ppm'.
ddjvu: Cannot open output file 'imgtmp/snippet_ParkoszJBC_page0002x1009y1840.ppm'.
ddjvu: Cannot open output file 'imgtmp/snippet_ParkoszJBC_page0002x1106y1830.ppm'.
ddjvu: Cannot open output file 'imgtmp/snippet_ParkoszJBC_page0002x1344y1840.ppm'.
ddjvu: Cannot open output file 'imgtmp/snippet_ParkoszJBC_page0002x1396y1840.ppm'.
ddjvu: Cannot open output file 'imgtmp/snippet_ParkoszJBC_page0002x1448y1830.ppm'.
ddjvu: Cannot open output file 'imgtmp/snippet_ParkoszJBC_page0002x1532y1840.ppm'.
ddjvu: Cannot open output file 'imgtmp/snippet_ParkoszJBC_page0002x0422y1803.ppm'.
ddjvu: Cannot open output file 'imgtmp/snippet_ParkoszJBC_page0002x0560y1793.ppm'.
ddjvu: Cannot open output file 'imgtmp/snippet_ParkoszJBC_page0002x0634y1802.ppm'.
ddjvu: Cannot open output file 'imgtmp/snippet_ParkoszJBC_page0002x0828y1793.ppm'.
ddjvu: Cannot open output file 'imgtmp/snippet_ParkoszJBC_page0002x1005y1803.ppm'.
ddjvu: Cannot open output file 'imgtmp/snippet_ParkoszJBC_page0002x1189y1803.ppm'.
ddjvu: Cannot open output file 'imgtmp/snippet_ParkoszJBC_page0002x1365y1803.ppm'.
ddjvu: Cannot open output file 'imgtmp/snippet_ParkoszJBC_page0002x1525y1803.ppm'.
ddjvu: Cannot open output file 'imgtmp/snippet_ParkoszJBC_page0002x0412y1740.ppm'.
ddjvu: Cannot open output file 'imgtmp/snippet_ParkoszJBC_page0002x0556y1740.ppm'.
ddjvu: Cannot open output file 'imgtmp/snippet_ParkoszJBC_page0002x0785y1751.ppm'.
ddjvu: Cannot open output file 'imgtmp/snippet_ParkoszJBC_page0002x0824y1751.ppm'.
ddjvu: Cannot open output file 'imgtmp/snippet_ParkoszJBC_page0002x1010y1751.ppm'.
ddjvu: Cannot open output file 'imgtmp/snippet_ParkoszJBC_page0002x1214y1751.ppm'.
ddjvu: Cannot open output file 'imgtmp/snippet_ParkoszJBC_page0002x1307y1751.ppm'.
ddjvu: Cannot open output file 'imgtmp/snippet_ParkoszJBC_page0002x1359y1751.ppm'.
ddjvu: Cannot open output file 'imgtmp/snippet_ParkoszJBC_page0002x1472y1751.ppm'.
ddjvu: Cannot open output file 'imgtmp/snippet_ParkoszJBC_page0002x1549y1751.ppm'.
ddjvu: Cannot open output file 'imgtmp/snippet_ParkoszJBC_page0002x0415y1723.ppm'.
ddjvu: Cannot open output file 'imgtmp/snippet_ParkoszJBC_page0002x0659y1723.ppm'.
  C-c C-cjsbien@JSBbuster:~/work/djvu-djvulibre-4index$ ./ParkoszJBC_ddjvu.bat
./ParkoszJBC_ddjvu.bat: line 687: syntax error near unexpected token `)'
./ParkoszJBC_ddjvu.bat: line 687: `(word 1536 1237 1638 1276 filec))'
jsbien@JSBbuster:~/work/djvu-djvulibre-4index$ cd imgtmp/
jsbien@JSBbuster:~/work/djvu-djvulibre-4index/imgtmp$ convert *.ppm -set filename: "%t" %[filename:].png
jsbien@JSBbuster:~/work/djvu-djvulibre-4index/imgtmp$ cp *.png ~/git/Parkosz-robocze/XeLaTeX/test/img/
jsbien@JSBbuster:~/work/djvu-djvulibre-4index/imgtmp$ 